<!DOCTYPE html PUBLIC "-//W3C//DTD XHTML 1.1//EN" "http://www.w3.org/TR/xhtml11/DTD/xhtml11.dtd">
<html xmlns="http://www.w3.org/1999/xhtml"><head><title>TestNG Report</title><style type="text/css">table {margin-bottom:10px;border-collapse:collapse;empty-cells:show}th,td {border:1px solid #009;padding:.25em .5em}th {vertical-align:bottom}td {vertical-align:top}table a {font-weight:bold}.stripe td {background-color: #E6EBF9}.num {text-align:right}.passedodd td {background-color: #3F3}.passedeven td {background-color: #0A0}.skippedodd td {background-color: #DDD}.skippedeven td {background-color: #CCC}.failedodd td,.attn {background-color: #F33}.failedeven td,.stripe .attn {background-color: #D00}.stacktrace {white-space:pre;font-family:monospace}.totop {font-size:85%;text-align:center;border-bottom:2px solid #000}</style></head><body><table><tr><th>Test</th><th># Passed</th><th># Skipped</th><th># Failed</th><th>Time (ms)</th><th>Included Groups</th><th>Excluded Groups</th></tr><tr><th colspan="7">Default suite</th></tr><tr><td><a href="#t0">Default test</a></td><td class="num">0</td><td class="num attn">18</td><td class="num attn">3</td><td class="num">114</td><td></td><td></td></tr></table><table><thead><tr><th>Class</th><th>Method</th><th>Start</th><th>Time (ms)</th></tr></thead><tbody><tr><th colspan="4">Default suite</th></tr></tbody><tbody id="t0"><tr><th colspan="4">Default test &#8212; failed (configuration methods)</th></tr><tr class="failedeven"><td rowspan="1">com.theranos.test.theranosios.base.SetUpTest</td><td><a href="#m0">getDevice</a></td><td rowspan="1">1396549406884</td><td rowspan="1">0</td></tr><tr><th colspan="4">Default test &#8212; failed</th></tr><tr class="failedeven"><td rowspan="1">com.theranos.test.theranosios.MenuTest</td><td><a href="#m1">openAbout</a></td><td rowspan="1">1396549406984</td><td rowspan="1">0</td></tr><tr class="failedodd"><td rowspan="1">com.theranos.test.theranosios.PassCodeTest</td><td><a href="#m2">providePasscodeTest</a></td><td rowspan="1">1396549407008</td><td rowspan="1">0</td></tr><tr class="failedeven"><td rowspan="1">com.theranos.test.theranosios.base.SetUpTest</td><td><a href="#m3">getLogLocation</a></td><td rowspan="1">1396549406959</td><td rowspan="1">0</td></tr><tr><th colspan="4">Default test &#8212; skipped (configuration methods)</th></tr><tr class="skippedeven"><td rowspan="3">com.theranos.test.theranosios.BasicInfoTest</td><td><a href="#m4">afterTest</a></td><td rowspan="1">1396549406981</td><td rowspan="1">0</td></tr><tr class="skippedeven"><td><a href="#m5">getOs</a></td><td rowspan="1">1396549406967</td><td rowspan="1">0</td></tr><tr class="skippedeven"><td><a href="#m6">setEnv</a></td><td rowspan="1">1396549406968</td><td rowspan="1">0</td></tr><tr class="skippedodd"><td rowspan="3">com.theranos.test.theranosios.InsuranceTest</td><td><a href="#m7">afterTest</a></td><td rowspan="1">1396549406980</td><td rowspan="1">0</td></tr><tr class="skippedodd"><td><a href="#m8">getOS</a></td><td rowspan="1">1396549406974</td><td rowspan="1">0</td></tr><tr class="skippedodd"><td><a href="#m9">setEnv</a></td><td rowspan="1">1396549406975</td><td rowspan="1">0</td></tr><tr class="skippedeven"><td rowspan="2">com.theranos.test.theranosios.LoginTest</td><td><a href="#m10">afterTest</a></td><td rowspan="1">1396549406966</td><td rowspan="1">0</td></tr><tr class="skippedeven"><td><a href="#m11">setEnv</a></td><td rowspan="1">1396549406924</td><td rowspan="1">0</td></tr><tr class="skippedodd"><td rowspan="9">com.theranos.test.theranosios.MenuTest</td><td><a href="#m12">afterTest</a></td><td rowspan="1">1396549407004</td><td rowspan="1">0</td></tr><tr class="skippedodd"><td><a href="#m13">openMenu</a></td><td rowspan="7">1396549407002</td><td rowspan="7">0</td></tr><tr class="skippedodd"><td><a href="#m14">openMenu</a></td></tr><tr class="skippedodd"><td><a href="#m15">openMenu</a></td></tr><tr class="skippedodd"><td><a href="#m16">openMenu</a></td></tr><tr class="skippedodd"><td><a href="#m17">openMenu</a></td></tr><tr class="skippedodd"><td><a href="#m18">openMenu</a></td></tr><tr class="skippedodd"><td><a href="#m19">openMenu</a></td></tr><tr class="skippedodd"><td><a href="#m20">setEnv</a></td><td rowspan="1">1396549406983</td><td rowspan="1">0</td></tr><tr class="skippedeven"><td rowspan="2">com.theranos.test.theranosios.PassCodeTest</td><td><a href="#m21">afterTest</a></td><td rowspan="1">1396549407013</td><td rowspan="1">0</td></tr><tr class="skippedeven"><td><a href="#m22">setEnv</a></td><td rowspan="1">1396549407004</td><td rowspan="1">0</td></tr><tr class="skippedodd"><td rowspan="4">com.theranos.test.theranosios.base.SetUpTest</td><td><a href="#m23">environmentSetUp</a></td><td rowspan="1">1396549406897</td><td rowspan="1">0</td></tr><tr class="skippedodd"><td><a href="#m24">readAllTestCases</a></td><td rowspan="1">1396549406899</td><td rowspan="1">0</td></tr><tr class="skippedodd"><td><a href="#m25">readTestSuite</a></td><td rowspan="1">1396549406898</td><td rowspan="1">0</td></tr><tr class="skippedodd"><td><a href="#m26">tearDown</a></td><td rowspan="1">1396549407128</td><td rowspan="1">0</td></tr><tr><th colspan="4">Default test &#8212; skipped</th></tr><tr class="skippedeven"><td rowspan="3">com.theranos.test.theranosios.BasicInfoTest</td><td><a href="#m27">getTestData</a></td><td rowspan="1">1396549406970</td><td rowspan="1">1</td></tr><tr class="skippedeven"><td><a href="#m28">openBasicInfo</a></td><td rowspan="1">1396549406972</td><td rowspan="1">1</td></tr><tr class="skippedeven"><td><a href="#m29">provideBasicInfo</a></td><td rowspan="1">1396549406980</td><td rowspan="1">1</td></tr><tr class="skippedodd"><td rowspan="2">com.theranos.test.theranosios.InsuranceTest</td><td><a href="#m30">getTestData</a></td><td rowspan="1">1396549406977</td><td rowspan="1">0</td></tr><tr class="skippedodd"><td><a href="#m31">openInsurancePage</a></td><td rowspan="1">1396549406978</td><td rowspan="1">1</td></tr><tr class="skippedeven"><td rowspan="3">com.theranos.test.theranosios.LoginTest</td><td><a href="#m32">getTestData</a></td><td rowspan="1">1396549406949</td><td rowspan="1">5</td></tr><tr class="skippedeven"><td><a href="#m33">logInOption</a></td><td rowspan="1">1396549406957</td><td rowspan="1">1</td></tr><tr class="skippedeven"><td><a href="#m34">testLoginpage</a></td><td rowspan="1">1396549406964</td><td rowspan="1">1</td></tr><tr class="skippedodd"><td rowspan="7">com.theranos.test.theranosios.MenuTest</td><td><a href="#m35">openAppointments</a></td><td rowspan="1">1396549406986</td><td rowspan="1">1</td></tr><tr class="skippedodd"><td><a href="#m36">openHome</a></td><td rowspan="1">1396549406988</td><td rowspan="1">1</td></tr><tr class="skippedodd"><td><a href="#m37">openLabOrders</a></td><td rowspan="1">1396549406991</td><td rowspan="1">1</td></tr><tr class="skippedodd"><td><a href="#m38">openLocations</a></td><td rowspan="1">1396549406994</td><td rowspan="1">0</td></tr><tr class="skippedodd"><td><a href="#m39">openProfile</a></td><td rowspan="1">1396549406997</td><td rowspan="1">0</td></tr><tr class="skippedodd"><td><a href="#m40">openResults</a></td><td rowspan="1">1396549407000</td><td rowspan="1">0</td></tr><tr class="skippedodd"><td><a href="#m41">openSettings</a></td><td rowspan="1">1396549407003</td><td rowspan="1">0</td></tr><tr class="skippedeven"><td rowspan="3">com.theranos.test.theranosios.PassCodeTest</td><td><a href="#m42">clearPasscodeTest</a></td><td rowspan="1">1396549407012</td><td rowspan="1">1</td></tr><tr class="skippedeven"><td><a href="#m43">getTestData</a></td><td rowspan="1">1396549407010</td><td rowspan="1">1</td></tr><tr class="skippedeven"><td><a href="#m44">resetPasscodeTest</a></td><td rowspan="1">1396549407006</td><td rowspan="1">0</td></tr></tbody></table><h2>Default test</h2><h3 id="m0">com.theranos.test.theranosios.base.SetUpTest#getDevice</h3><table class="result"><tr><th>Exception</th></tr><tr><td><div class="stacktrace">org.testng.TestNGException: 
Parameter &apos;device&apos; is required by @Configuration on method getDevice but has not been marked @Optional or defined
in /private/var/folders/rd/d_5ss7j11ng8kk2k4cjyprjm0000gp/T/testng-eclipse-1866437451/testng-customsuite.xml
	at org.testng.internal.Parameters.createParameters(Parameters.java:155)
	at org.testng.internal.Parameters.createParameters(Parameters.java:358)
	at org.testng.internal.Parameters.createConfigurationParameters(Parameters.java:86)
	at org.testng.internal.Invoker.invokeConfigurations(Invoker.java:199)
	at org.testng.internal.Invoker.invokeConfigurations(Invoker.java:138)
	at org.testng.SuiteRunner.privateRun(SuiteRunner.java:277)
	at org.testng.SuiteRunner.run(SuiteRunner.java:240)
	at org.testng.SuiteRunnerWorker.runSuite(SuiteRunnerWorker.java:52)
	at org.testng.SuiteRunnerWorker.run(SuiteRunnerWorker.java:86)
	at org.testng.TestNG.runSuitesSequentially(TestNG.java:1224)
	at org.testng.TestNG.runSuitesLocally(TestNG.java:1149)
	at org.testng.TestNG.run(TestNG.java:1057)
	at org.testng.remote.RemoteTestNG.run(RemoteTestNG.java:111)
	at org.testng.remote.RemoteTestNG.initAndRun(RemoteTestNG.java:204)
	at org.testng.remote.RemoteTestNG.main(RemoteTestNG.java:175)
</div></td></tr></table><p class="totop"><a href="#summary">back to summary</a></p><h3 id="m1">com.theranos.test.theranosios.MenuTest#openAbout</h3><table class="result"><tr><th>Exception</th></tr><tr><td><div class="stacktrace">org.testng.TestNGException: 
Parameter &apos;device&apos; is required by @Test on method openAbout but has not been marked @Optional or defined
in /private/var/folders/rd/d_5ss7j11ng8kk2k4cjyprjm0000gp/T/testng-eclipse-1866437451/testng-customsuite.xml
	at org.testng.internal.Parameters.createParameters(Parameters.java:155)
	at org.testng.internal.Parameters.createParameters(Parameters.java:358)
	at org.testng.internal.Parameters.handleParameters(Parameters.java:450)
	at org.testng.internal.Invoker.handleParameters(Invoker.java:1383)
	at org.testng.internal.Invoker.createParameters(Invoker.java:1075)
	at org.testng.internal.Invoker.invokeTestMethods(Invoker.java:1180)
	at org.testng.internal.TestMethodWorker.invokeTestMethods(TestMethodWorker.java:127)
	at org.testng.internal.TestMethodWorker.run(TestMethodWorker.java:111)
	at org.testng.TestRunner.privateRun(TestRunner.java:767)
	at org.testng.TestRunner.run(TestRunner.java:617)
	at org.testng.SuiteRunner.runTest(SuiteRunner.java:334)
	at org.testng.SuiteRunner.runSequentially(SuiteRunner.java:329)
	at org.testng.SuiteRunner.privateRun(SuiteRunner.java:291)
	at org.testng.SuiteRunner.run(SuiteRunner.java:240)
	at org.testng.SuiteRunnerWorker.runSuite(SuiteRunnerWorker.java:52)
	at org.testng.SuiteRunnerWorker.run(SuiteRunnerWorker.java:86)
	at org.testng.TestNG.runSuitesSequentially(TestNG.java:1224)
	at org.testng.TestNG.runSuitesLocally(TestNG.java:1149)
	at org.testng.TestNG.run(TestNG.java:1057)
	at org.testng.remote.RemoteTestNG.run(RemoteTestNG.java:111)
	at org.testng.remote.RemoteTestNG.initAndRun(RemoteTestNG.java:204)
	at org.testng.remote.RemoteTestNG.main(RemoteTestNG.java:175)
</div></td></tr></table><p class="totop"><a href="#summary">back to summary</a></p><h3 id="m2">com.theranos.test.theranosios.PassCodeTest#providePasscodeTest</h3><table class="result"><tr><th>Exception</th></tr><tr><td><div class="stacktrace">org.testng.TestNGException: 
Method providePasscodeTest requires 1 parameters but 0 were supplied in the @Test annotation.
	at org.testng.internal.Parameters.checkParameterTypes(Parameters.java:198)
	at org.testng.internal.Parameters.createParameters(Parameters.java:134)
	at org.testng.internal.Parameters.createParameters(Parameters.java:373)
	at org.testng.internal.Parameters.handleParameters(Parameters.java:450)
	at org.testng.internal.Invoker.handleParameters(Invoker.java:1383)
	at org.testng.internal.Invoker.createParameters(Invoker.java:1075)
	at org.testng.internal.Invoker.invokeTestMethods(Invoker.java:1180)
	at org.testng.internal.TestMethodWorker.invokeTestMethods(TestMethodWorker.java:127)
	at org.testng.internal.TestMethodWorker.run(TestMethodWorker.java:111)
	at org.testng.TestRunner.privateRun(TestRunner.java:767)
	at org.testng.TestRunner.run(TestRunner.java:617)
	at org.testng.SuiteRunner.runTest(SuiteRunner.java:334)
	at org.testng.SuiteRunner.runSequentially(SuiteRunner.java:329)
	at org.testng.SuiteRunner.privateRun(SuiteRunner.java:291)
	at org.testng.SuiteRunner.run(SuiteRunner.java:240)
	at org.testng.SuiteRunnerWorker.runSuite(SuiteRunnerWorker.java:52)
	at org.testng.SuiteRunnerWorker.run(SuiteRunnerWorker.java:86)
	at org.testng.TestNG.runSuitesSequentially(TestNG.java:1224)
	at org.testng.TestNG.runSuitesLocally(TestNG.java:1149)
	at org.testng.TestNG.run(TestNG.java:1057)
	at org.testng.remote.RemoteTestNG.run(RemoteTestNG.java:111)
	at org.testng.remote.RemoteTestNG.initAndRun(RemoteTestNG.java:204)
	at org.testng.remote.RemoteTestNG.main(RemoteTestNG.java:175)
</div></td></tr></table><p class="totop"><a href="#summary">back to summary</a></p><h3 id="m3">com.theranos.test.theranosios.base.SetUpTest#getLogLocation</h3><table class="result"><tr><th>Exception</th></tr><tr><td><div class="stacktrace">org.testng.TestNGException: 
Parameter &apos;log-folder&apos; is required by @Test on method getLogLocation but has not been marked @Optional or defined
in /private/var/folders/rd/d_5ss7j11ng8kk2k4cjyprjm0000gp/T/testng-eclipse-1866437451/testng-customsuite.xml
	at org.testng.internal.Parameters.createParameters(Parameters.java:155)
	at org.testng.internal.Parameters.createParameters(Parameters.java:358)
	at org.testng.internal.Parameters.handleParameters(Parameters.java:450)
	at org.testng.internal.Invoker.handleParameters(Invoker.java:1383)
	at org.testng.internal.Invoker.createParameters(Invoker.java:1075)
	at org.testng.internal.Invoker.invokeTestMethods(Invoker.java:1180)
	at org.testng.internal.TestMethodWorker.invokeTestMethods(TestMethodWorker.java:127)
	at org.testng.internal.TestMethodWorker.run(TestMethodWorker.java:111)
	at org.testng.TestRunner.privateRun(TestRunner.java:767)
	at org.testng.TestRunner.run(TestRunner.java:617)
	at org.testng.SuiteRunner.runTest(SuiteRunner.java:334)
	at org.testng.SuiteRunner.runSequentially(SuiteRunner.java:329)
	at org.testng.SuiteRunner.privateRun(SuiteRunner.java:291)
	at org.testng.SuiteRunner.run(SuiteRunner.java:240)
	at org.testng.SuiteRunnerWorker.runSuite(SuiteRunnerWorker.java:52)
	at org.testng.SuiteRunnerWorker.run(SuiteRunnerWorker.java:86)
	at org.testng.TestNG.runSuitesSequentially(TestNG.java:1224)
	at org.testng.TestNG.runSuitesLocally(TestNG.java:1149)
	at org.testng.TestNG.run(TestNG.java:1057)
	at org.testng.remote.RemoteTestNG.run(RemoteTestNG.java:111)
	at org.testng.remote.RemoteTestNG.initAndRun(RemoteTestNG.java:204)
	at org.testng.remote.RemoteTestNG.main(RemoteTestNG.java:175)
</div></td></tr></table><p class="totop"><a href="#summary">back to summary</a></p><h3 id="m4">com.theranos.test.theranosios.BasicInfoTest#afterTest</h3><table class="result"></table><p class="totop"><a href="#summary">back to summary</a></p><h3 id="m5">com.theranos.test.theranosios.BasicInfoTest#getOs</h3><table class="result"></table><p class="totop"><a href="#summary">back to summary</a></p><h3 id="m6">com.theranos.test.theranosios.BasicInfoTest#setEnv</h3><table class="result"></table><p class="totop"><a href="#summary">back to summary</a></p><h3 id="m7">com.theranos.test.theranosios.InsuranceTest#afterTest</h3><table class="result"></table><p class="totop"><a href="#summary">back to summary</a></p><h3 id="m8">com.theranos.test.theranosios.InsuranceTest#getOS</h3><table class="result"></table><p class="totop"><a href="#summary">back to summary</a></p><h3 id="m9">com.theranos.test.theranosios.InsuranceTest#setEnv</h3><table class="result"></table><p class="totop"><a href="#summary">back to summary</a></p><h3 id="m10">com.theranos.test.theranosios.LoginTest#afterTest</h3><table class="result"></table><p class="totop"><a href="#summary">back to summary</a></p><h3 id="m11">com.theranos.test.theranosios.LoginTest#setEnv</h3><table class="result"></table><p class="totop"><a href="#summary">back to summary</a></p><h3 id="m12">com.theranos.test.theranosios.MenuTest#afterTest</h3><table class="result"></table><p class="totop"><a href="#summary">back to summary</a></p><h3 id="m13">com.theranos.test.theranosios.MenuTest#openMenu</h3><table class="result"></table><p class="totop"><a href="#summary">back to summary</a></p><h3 id="m14">com.theranos.test.theranosios.MenuTest#openMenu</h3><table class="result"></table><p class="totop"><a href="#summary">back to summary</a></p><h3 id="m15">com.theranos.test.theranosios.MenuTest#openMenu</h3><table class="result"></table><p class="totop"><a href="#summary">back to summary</a></p><h3 id="m16">com.theranos.test.theranosios.MenuTest#openMenu</h3><table class="result"></table><p class="totop"><a href="#summary">back to summary</a></p><h3 id="m17">com.theranos.test.theranosios.MenuTest#openMenu</h3><table class="result"></table><p class="totop"><a href="#summary">back to summary</a></p><h3 id="m18">com.theranos.test.theranosios.MenuTest#openMenu</h3><table class="result"></table><p class="totop"><a href="#summary">back to summary</a></p><h3 id="m19">com.theranos.test.theranosios.MenuTest#openMenu</h3><table class="result"></table><p class="totop"><a href="#summary">back to summary</a></p><h3 id="m20">com.theranos.test.theranosios.MenuTest#setEnv</h3><table class="result"></table><p class="totop"><a href="#summary">back to summary</a></p><h3 id="m21">com.theranos.test.theranosios.PassCodeTest#afterTest</h3><table class="result"></table><p class="totop"><a href="#summary">back to summary</a></p><h3 id="m22">com.theranos.test.theranosios.PassCodeTest#setEnv</h3><table class="result"></table><p class="totop"><a href="#summary">back to summary</a></p><h3 id="m23">com.theranos.test.theranosios.base.SetUpTest#environmentSetUp</h3><table class="result"></table><p class="totop"><a href="#summary">back to summary</a></p><h3 id="m24">com.theranos.test.theranosios.base.SetUpTest#readAllTestCases</h3><table class="result"></table><p class="totop"><a href="#summary">back to summary</a></p><h3 id="m25">com.theranos.test.theranosios.base.SetUpTest#readTestSuite</h3><table class="result"></table><p class="totop"><a href="#summary">back to summary</a></p><h3 id="m26">com.theranos.test.theranosios.base.SetUpTest#tearDown</h3><table class="result"></table><p class="totop"><a href="#summary">back to summary</a></p><h3 id="m27">com.theranos.test.theranosios.BasicInfoTest#getTestData</h3><table class="result"><tr class="param"><th>Parameter #1</th></tr><tr class="param stripe"><td>{}</td></tr></table><p class="totop"><a href="#summary">back to summary</a></p><h3 id="m28">com.theranos.test.theranosios.BasicInfoTest#openBasicInfo</h3><table class="result"></table><p class="totop"><a href="#summary">back to summary</a></p><h3 id="m29">com.theranos.test.theranosios.BasicInfoTest#provideBasicInfo</h3><table class="result"></table><p class="totop"><a href="#summary">back to summary</a></p><h3 id="m30">com.theranos.test.theranosios.InsuranceTest#getTestData</h3><table class="result"><tr class="param"><th>Parameter #1</th></tr><tr class="param stripe"><td>{}</td></tr></table><p class="totop"><a href="#summary">back to summary</a></p><h3 id="m31">com.theranos.test.theranosios.InsuranceTest#openInsurancePage</h3><table class="result"></table><p class="totop"><a href="#summary">back to summary</a></p><h3 id="m32">com.theranos.test.theranosios.LoginTest#getTestData</h3><table class="result"><tr class="param"><th>Parameter #1</th></tr><tr class="param stripe"><td>{}</td></tr></table><p class="totop"><a href="#summary">back to summary</a></p><h3 id="m33">com.theranos.test.theranosios.LoginTest#logInOption</h3><table class="result"></table><p class="totop"><a href="#summary">back to summary</a></p><h3 id="m34">com.theranos.test.theranosios.LoginTest#testLoginpage</h3><table class="result"></table><p class="totop"><a href="#summary">back to summary</a></p><h3 id="m35">com.theranos.test.theranosios.MenuTest#openAppointments</h3><table class="result"></table><p class="totop"><a href="#summary">back to summary</a></p><h3 id="m36">com.theranos.test.theranosios.MenuTest#openHome</h3><table class="result"></table><p class="totop"><a href="#summary">back to summary</a></p><h3 id="m37">com.theranos.test.theranosios.MenuTest#openLabOrders</h3><table class="result"></table><p class="totop"><a href="#summary">back to summary</a></p><h3 id="m38">com.theranos.test.theranosios.MenuTest#openLocations</h3><table class="result"></table><p class="totop"><a href="#summary">back to summary</a></p><h3 id="m39">com.theranos.test.theranosios.MenuTest#openProfile</h3><table class="result"></table><p class="totop"><a href="#summary">back to summary</a></p><h3 id="m40">com.theranos.test.theranosios.MenuTest#openResults</h3><table class="result"></table><p class="totop"><a href="#summary">back to summary</a></p><h3 id="m41">com.theranos.test.theranosios.MenuTest#openSettings</h3><table class="result"></table><p class="totop"><a href="#summary">back to summary</a></p><h3 id="m42">com.theranos.test.theranosios.PassCodeTest#clearPasscodeTest</h3><table class="result"></table><p class="totop"><a href="#summary">back to summary</a></p><h3 id="m43">com.theranos.test.theranosios.PassCodeTest#getTestData</h3><table class="result"><tr class="param"><th>Parameter #1</th></tr><tr class="param stripe"><td>{}</td></tr></table><p class="totop"><a href="#summary">back to summary</a></p><h3 id="m44">com.theranos.test.theranosios.PassCodeTest#resetPasscodeTest</h3><table class="result"></table><p class="totop"><a href="#summary">back to summary</a></p></body></html>