<html>
<head>
<title>TestNG:  Default test</title>
<link href="../testng.css" rel="stylesheet" type="text/css" />
<link href="../my-testng.css" rel="stylesheet" type="text/css" />

<style type="text/css">
.log { display: none;} 
.stack-trace { display: none;} 
</style>
<script type="text/javascript">
<!--
function flip(e) {
  current = e.style.display;
  if (current == 'block') {
    e.style.display = 'none';
    return 0;
  }
  else {
    e.style.display = 'block';
    return 1;
  }
}

function toggleBox(szDivId, elem, msg1, msg2)
{
  var res = -1;  if (document.getElementById) {
    res = flip(document.getElementById(szDivId));
  }
  else if (document.all) {
    // this is the way old msie versions work
    res = flip(document.all[szDivId]);
  }
  if(elem) {
    if(res == 0) elem.innerHTML = msg1; else elem.innerHTML = msg2;
  }

}

function toggleAllBoxes() {
  if (document.getElementsByTagName) {
    d = document.getElementsByTagName('div');
    for (i = 0; i < d.length; i++) {
      if (d[i].className == 'log') {
        flip(d[i]);
      }
    }
  }
}

// -->
</script>

</head>
<body>
<h2 align='center'>Default test</h2><table border='1' align="center">
<tr>
<td>Tests passed/Failed/Skipped:</td><td>0/3/18</td>
</tr><tr>
<td>Started on:</td><td>Thu Apr 03 11:23:26 PDT 2014</td>
</tr>
<tr><td>Total time:</td><td>0 seconds (114 ms)</td>
</tr><tr>
<td>Included groups:</td><td></td>
</tr><tr>
<td>Excluded groups:</td><td></td>
</tr>
</table><p/>
<small><i>(Hover the method name to see the test class name)</i></small><p/>
<table width='100%' border='1' class='invocation-failed'>
<tr><td colspan='4' align='center'><b>FAILED CONFIGURATIONS</b></td></tr>
<tr><td><b>Test method</b></td>
<td width="30%"><b>Exception</b></td>
<td width="10%"><b>Time (seconds)</b></td>
<td><b>Instance</b></td>
</tr>
<tr>
<td title='com.theranos.test.theranosios.base.SetUpTest.getDevice()'><b>getDevice</b><br>Test class: com.theranos.test.theranosios.base.SetUpTest</td>
<td><div><pre>org.testng.TestNGException: 
Parameter &apos;device&apos; is required by @Configuration on method getDevice but has not been marked @Optional or defined
in /private/var/folders/rd/d_5ss7j11ng8kk2k4cjyprjm0000gp/T/testng-eclipse-1866437451/testng-customsuite.xml
	at org.testng.internal.Parameters.createParameters(Parameters.java:155)
	at org.testng.internal.Parameters.createParameters(Parameters.java:358)
	at org.testng.internal.Parameters.createConfigurationParameters(Parameters.java:86)
	at org.testng.internal.Invoker.invokeConfigurations(Invoker.java:199)
	at org.testng.internal.Invoker.invokeConfigurations(Invoker.java:138)
	at org.testng.SuiteRunner.privateRun(SuiteRunner.java:277)
	at org.testng.SuiteRunner.run(SuiteRunner.java:240)
	at org.testng.SuiteRunnerWorker.runSuite(SuiteRunnerWorker.java:52)
	at org.testng.SuiteRunnerWorker.run(SuiteRunnerWorker.java:86)
	at org.testng.TestNG.runSuitesSequentially(TestNG.java:1224)
	at org.testng.TestNG.runSuitesLocally(TestNG.java:1149)
	at org.testng.TestNG.run(TestNG.java:1057)
	at org.testng.remote.RemoteTestNG.run(RemoteTestNG.java:111)
	at org.testng.remote.RemoteTestNG.initAndRun(RemoteTestNG.java:204)
	at org.testng.remote.RemoteTestNG.main(RemoteTestNG.java:175)
</pre></div><a href='#' onClick='toggleBox("stack-trace1234403385", this, "Click to show all stack frames", "Click to hide stack frames")'>Click to show all stack frames</a>
<div class='stack-trace' id='stack-trace1234403385'><pre>org.testng.TestNGException: 
Parameter &apos;device&apos; is required by @Configuration on method getDevice but has not been marked @Optional or defined
in /private/var/folders/rd/d_5ss7j11ng8kk2k4cjyprjm0000gp/T/testng-eclipse-1866437451/testng-customsuite.xml
	at org.testng.internal.Parameters.createParameters(Parameters.java:155)
	at org.testng.internal.Parameters.createParameters(Parameters.java:358)
	at org.testng.internal.Parameters.createConfigurationParameters(Parameters.java:86)
	at org.testng.internal.Invoker.invokeConfigurations(Invoker.java:199)
	at org.testng.internal.Invoker.invokeConfigurations(Invoker.java:138)
	at org.testng.SuiteRunner.privateRun(SuiteRunner.java:277)
	at org.testng.SuiteRunner.run(SuiteRunner.java:240)
	at org.testng.SuiteRunnerWorker.runSuite(SuiteRunnerWorker.java:52)
	at org.testng.SuiteRunnerWorker.run(SuiteRunnerWorker.java:86)
	at org.testng.TestNG.runSuitesSequentially(TestNG.java:1224)
	at org.testng.TestNG.runSuitesLocally(TestNG.java:1149)
	at org.testng.TestNG.run(TestNG.java:1057)
	at org.testng.remote.RemoteTestNG.run(RemoteTestNG.java:111)
	at org.testng.remote.RemoteTestNG.initAndRun(RemoteTestNG.java:204)
	at org.testng.remote.RemoteTestNG.main(RemoteTestNG.java:175)
</pre></div></td>
<td>0</td>
<td>null</td></tr>
</table><p>
<table width='100%' border='1' class='invocation-skipped'>
<tr><td colspan='4' align='center'><b>SKIPPED CONFIGURATIONS</b></td></tr>
<tr><td><b>Test method</b></td>
<td width="30%"><b>Exception</b></td>
<td width="10%"><b>Time (seconds)</b></td>
<td><b>Instance</b></td>
</tr>
<tr>
<td title='com.theranos.test.theranosios.base.SetUpTest.environmentSetUp()'><b>environmentSetUp</b><br>Test class: com.theranos.test.theranosios.base.SetUpTest</td>
<td></td>
<td>0</td>
<td>null</td></tr>
<tr>
<td title='com.theranos.test.theranosios.base.SetUpTest.readTestSuite()'><b>readTestSuite</b><br>Test class: com.theranos.test.theranosios.base.SetUpTest</td>
<td></td>
<td>0</td>
<td>null</td></tr>
<tr>
<td title='com.theranos.test.theranosios.base.SetUpTest.readAllTestCases()'><b>readAllTestCases</b><br>Test class: com.theranos.test.theranosios.base.SetUpTest</td>
<td></td>
<td>0</td>
<td>null</td></tr>
<tr>
<td title='com.theranos.test.theranosios.LoginTest.setEnv()'><b>setEnv</b><br>Test class: com.theranos.test.theranosios.LoginTest</td>
<td></td>
<td>0</td>
<td>com.theranos.test.theranosios.LoginTest@739e8329</td></tr>
<tr>
<td title='com.theranos.test.theranosios.BasicInfoTest.getOs()'><b>getOs</b><br>Test class: com.theranos.test.theranosios.BasicInfoTest</td>
<td></td>
<td>0</td>
<td>com.theranos.test.theranosios.BasicInfoTest@320cf66b</td></tr>
<tr>
<td title='com.theranos.test.theranosios.BasicInfoTest.setEnv()'><b>setEnv</b><br>Test class: com.theranos.test.theranosios.BasicInfoTest</td>
<td></td>
<td>0</td>
<td>com.theranos.test.theranosios.BasicInfoTest@320cf66b</td></tr>
<tr>
<td title='com.theranos.test.theranosios.InsuranceTest.getOS()'><b>getOS</b><br>Test class: com.theranos.test.theranosios.InsuranceTest</td>
<td></td>
<td>0</td>
<td>com.theranos.test.theranosios.InsuranceTest@2bb5340c</td></tr>
<tr>
<td title='com.theranos.test.theranosios.InsuranceTest.setEnv()'><b>setEnv</b><br>Test class: com.theranos.test.theranosios.InsuranceTest</td>
<td></td>
<td>0</td>
<td>com.theranos.test.theranosios.InsuranceTest@2bb5340c</td></tr>
<tr>
<td title='com.theranos.test.theranosios.MenuTest.setEnv()'><b>setEnv</b><br>Test class: com.theranos.test.theranosios.MenuTest</td>
<td></td>
<td>0</td>
<td>com.theranos.test.theranosios.MenuTest@1f3785d3</td></tr>
<tr>
<td title='com.theranos.test.theranosios.PassCodeTest.setEnv()'><b>setEnv</b><br>Test class: com.theranos.test.theranosios.PassCodeTest</td>
<td></td>
<td>0</td>
<td>com.theranos.test.theranosios.PassCodeTest@2f8a49e0</td></tr>
<tr>
<td title='com.theranos.test.theranosios.MenuTest.openMenu()'><b>openMenu</b><br>Test class: com.theranos.test.theranosios.MenuTest</td>
<td></td>
<td>0</td>
<td>com.theranos.test.theranosios.MenuTest@1f3785d3</td></tr>
<tr>
<td title='com.theranos.test.theranosios.MenuTest.openMenu()'><b>openMenu</b><br>Test class: com.theranos.test.theranosios.MenuTest</td>
<td></td>
<td>0</td>
<td>com.theranos.test.theranosios.MenuTest@1f3785d3</td></tr>
<tr>
<td title='com.theranos.test.theranosios.MenuTest.openMenu()'><b>openMenu</b><br>Test class: com.theranos.test.theranosios.MenuTest</td>
<td></td>
<td>0</td>
<td>com.theranos.test.theranosios.MenuTest@1f3785d3</td></tr>
<tr>
<td title='com.theranos.test.theranosios.MenuTest.openMenu()'><b>openMenu</b><br>Test class: com.theranos.test.theranosios.MenuTest</td>
<td></td>
<td>0</td>
<td>com.theranos.test.theranosios.MenuTest@1f3785d3</td></tr>
<tr>
<td title='com.theranos.test.theranosios.MenuTest.openMenu()'><b>openMenu</b><br>Test class: com.theranos.test.theranosios.MenuTest</td>
<td></td>
<td>0</td>
<td>com.theranos.test.theranosios.MenuTest@1f3785d3</td></tr>
<tr>
<td title='com.theranos.test.theranosios.MenuTest.openMenu()'><b>openMenu</b><br>Test class: com.theranos.test.theranosios.MenuTest</td>
<td></td>
<td>0</td>
<td>com.theranos.test.theranosios.MenuTest@1f3785d3</td></tr>
<tr>
<td title='com.theranos.test.theranosios.MenuTest.openMenu()'><b>openMenu</b><br>Test class: com.theranos.test.theranosios.MenuTest</td>
<td></td>
<td>0</td>
<td>com.theranos.test.theranosios.MenuTest@1f3785d3</td></tr>
<tr>
<td title='com.theranos.test.theranosios.LoginTest.afterTest()'><b>afterTest</b><br>Test class: com.theranos.test.theranosios.LoginTest</td>
<td></td>
<td>0</td>
<td>com.theranos.test.theranosios.LoginTest@739e8329</td></tr>
<tr>
<td title='com.theranos.test.theranosios.InsuranceTest.afterTest()'><b>afterTest</b><br>Test class: com.theranos.test.theranosios.InsuranceTest</td>
<td></td>
<td>0</td>
<td>com.theranos.test.theranosios.InsuranceTest@2bb5340c</td></tr>
<tr>
<td title='com.theranos.test.theranosios.BasicInfoTest.afterTest()'><b>afterTest</b><br>Test class: com.theranos.test.theranosios.BasicInfoTest</td>
<td></td>
<td>0</td>
<td>com.theranos.test.theranosios.BasicInfoTest@320cf66b</td></tr>
<tr>
<td title='com.theranos.test.theranosios.MenuTest.afterTest()'><b>afterTest</b><br>Test class: com.theranos.test.theranosios.MenuTest</td>
<td></td>
<td>0</td>
<td>com.theranos.test.theranosios.MenuTest@1f3785d3</td></tr>
<tr>
<td title='com.theranos.test.theranosios.PassCodeTest.afterTest()'><b>afterTest</b><br>Test class: com.theranos.test.theranosios.PassCodeTest</td>
<td></td>
<td>0</td>
<td>com.theranos.test.theranosios.PassCodeTest@2f8a49e0</td></tr>
</table><p>
<table width='100%' border='1' class='invocation-skipped'>
<tr><td colspan='4' align='center'><b>SKIPPED TESTS</b></td></tr>
<tr><td><b>Test method</b></td>
<td width="30%"><b>Exception</b></td>
<td width="10%"><b>Time (seconds)</b></td>
<td><b>Instance</b></td>
</tr>
<tr>
<td title='com.theranos.test.theranosios.PassCodeTest.clearPasscodeTest()'><b>clearPasscodeTest</b><br>Test class: com.theranos.test.theranosios.PassCodeTest</td>
<td></td>
<td>0</td>
<td>com.theranos.test.theranosios.PassCodeTest@2f8a49e0</td></tr>
<tr>
<td title='com.theranos.test.theranosios.base.SetUpTest.getLogLocation()'><b>getLogLocation</b><br>Test class: com.theranos.test.theranosios.base.SetUpTest</td>
<td><div><pre>org.testng.TestNGException: 
Parameter &apos;log-folder&apos; is required by @Test on method getLogLocation but has not been marked @Optional or defined
in /private/var/folders/rd/d_5ss7j11ng8kk2k4cjyprjm0000gp/T/testng-eclipse-1866437451/testng-customsuite.xml
	at org.testng.internal.Parameters.createParameters(Parameters.java:155)
	at org.testng.internal.Parameters.createParameters(Parameters.java:358)
	at org.testng.internal.Parameters.handleParameters(Parameters.java:450)
	at org.testng.internal.Invoker.handleParameters(Invoker.java:1383)
	at org.testng.internal.Invoker.createParameters(Invoker.java:1075)
	at org.testng.internal.Invoker.invokeTestMethods(Invoker.java:1180)
	at org.testng.internal.TestMethodWorker.invokeTestMethods(TestMethodWorker.java:127)
	at org.testng.internal.TestMethodWorker.run(TestMethodWorker.java:111)
	at org.testng.TestRunner.privateRun(TestRunner.java:767)
	at org.testng.TestRunner.run(TestRunner.java:617)
	at org.testng.SuiteRunner.runTest(SuiteRunner.java:334)
	at org.testng.SuiteRunner.runSequentially(SuiteRunner.java:329)
	at org.testng.SuiteRunner.privateRun(SuiteRunner.java:291)
	at org.testng.SuiteRunner.run(SuiteRunner.java:240)
	at org.testng.SuiteRunnerWorker.runSuite(SuiteRunnerWorker.java:52)
	at org.testng.SuiteRunnerWorker.run(SuiteRunnerWorker.java:86)
	at org.testng.TestNG.runSuitesSequentially(TestNG.java:1224)
	at org.testng.TestNG.runSuitesLocally(TestNG.java:1149)
	at org.testng.TestNG.run(TestNG.java:1057)
	at org.testng.remote.RemoteTestNG.run(RemoteTestNG.java:111)
	at org.testng.remote.RemoteTestNG.initAndRun(RemoteTestNG.java:204)
	at org.testng.remote.RemoteTestNG.main(RemoteTestNG.java:175)
</pre></div><a href='#' onClick='toggleBox("stack-trace913828600", this, "Click to show all stack frames", "Click to hide stack frames")'>Click to show all stack frames</a>
<div class='stack-trace' id='stack-trace913828600'><pre>org.testng.TestNGException: 
Parameter &apos;log-folder&apos; is required by @Test on method getLogLocation but has not been marked @Optional or defined
in /private/var/folders/rd/d_5ss7j11ng8kk2k4cjyprjm0000gp/T/testng-eclipse-1866437451/testng-customsuite.xml
	at org.testng.internal.Parameters.createParameters(Parameters.java:155)
	at org.testng.internal.Parameters.createParameters(Parameters.java:358)
	at org.testng.internal.Parameters.handleParameters(Parameters.java:450)
	at org.testng.internal.Invoker.handleParameters(Invoker.java:1383)
	at org.testng.internal.Invoker.createParameters(Invoker.java:1075)
	at org.testng.internal.Invoker.invokeTestMethods(Invoker.java:1180)
	at org.testng.internal.TestMethodWorker.invokeTestMethods(TestMethodWorker.java:127)
	at org.testng.internal.TestMethodWorker.run(TestMethodWorker.java:111)
	at org.testng.TestRunner.privateRun(TestRunner.java:767)
	at org.testng.TestRunner.run(TestRunner.java:617)
	at org.testng.SuiteRunner.runTest(SuiteRunner.java:334)
	at org.testng.SuiteRunner.runSequentially(SuiteRunner.java:329)
	at org.testng.SuiteRunner.privateRun(SuiteRunner.java:291)
	at org.testng.SuiteRunner.run(SuiteRunner.java:240)
	at org.testng.SuiteRunnerWorker.runSuite(SuiteRunnerWorker.java:52)
	at org.testng.SuiteRunnerWorker.run(SuiteRunnerWorker.java:86)
	at org.testng.TestNG.runSuitesSequentially(TestNG.java:1224)
	at org.testng.TestNG.runSuitesLocally(TestNG.java:1149)
	at org.testng.TestNG.run(TestNG.java:1057)
	at org.testng.remote.RemoteTestNG.run(RemoteTestNG.java:111)
	at org.testng.remote.RemoteTestNG.initAndRun(RemoteTestNG.java:204)
	at org.testng.remote.RemoteTestNG.main(RemoteTestNG.java:175)
</pre></div></td>
<td>0</td>
<td>com.theranos.test.theranosios.base.SetUpTest@5fe0f2f6</td></tr>
<tr>
<td title='com.theranos.test.theranosios.LoginTest.getTestData()'><b>getTestData</b><br>Test class: com.theranos.test.theranosios.LoginTest<br>Parameters: {}</td>
<td></td>
<td>0</td>
<td>com.theranos.test.theranosios.LoginTest@739e8329</td></tr>
<tr>
<td title='com.theranos.test.theranosios.BasicInfoTest.getTestData()'><b>getTestData</b><br>Test class: com.theranos.test.theranosios.BasicInfoTest<br>Parameters: {}</td>
<td></td>
<td>0</td>
<td>com.theranos.test.theranosios.BasicInfoTest@320cf66b</td></tr>
<tr>
<td title='com.theranos.test.theranosios.InsuranceTest.getTestData()'><b>getTestData</b><br>Test class: com.theranos.test.theranosios.InsuranceTest<br>Parameters: {}</td>
<td></td>
<td>0</td>
<td>com.theranos.test.theranosios.InsuranceTest@2bb5340c</td></tr>
<tr>
<td title='com.theranos.test.theranosios.PassCodeTest.getTestData()'><b>getTestData</b><br>Test class: com.theranos.test.theranosios.PassCodeTest<br>Parameters: {}</td>
<td></td>
<td>0</td>
<td>com.theranos.test.theranosios.PassCodeTest@2f8a49e0</td></tr>
<tr>
<td title='com.theranos.test.theranosios.LoginTest.logInOption()'><b>logInOption</b><br>Test class: com.theranos.test.theranosios.LoginTest</td>
<td></td>
<td>0</td>
<td>com.theranos.test.theranosios.LoginTest@739e8329</td></tr>
<tr>
<td title='com.theranos.test.theranosios.MenuTest.openAbout()'><b>openAbout</b><br>Test class: com.theranos.test.theranosios.MenuTest</td>
<td><div><pre>org.testng.TestNGException: 
Parameter &apos;device&apos; is required by @Test on method openAbout but has not been marked @Optional or defined
in /private/var/folders/rd/d_5ss7j11ng8kk2k4cjyprjm0000gp/T/testng-eclipse-1866437451/testng-customsuite.xml
	at org.testng.internal.Parameters.createParameters(Parameters.java:155)
	at org.testng.internal.Parameters.createParameters(Parameters.java:358)
	at org.testng.internal.Parameters.handleParameters(Parameters.java:450)
	at org.testng.internal.Invoker.handleParameters(Invoker.java:1383)
	at org.testng.internal.Invoker.createParameters(Invoker.java:1075)
	at org.testng.internal.Invoker.invokeTestMethods(Invoker.java:1180)
	at org.testng.internal.TestMethodWorker.invokeTestMethods(TestMethodWorker.java:127)
	at org.testng.internal.TestMethodWorker.run(TestMethodWorker.java:111)
	at org.testng.TestRunner.privateRun(TestRunner.java:767)
	at org.testng.TestRunner.run(TestRunner.java:617)
	at org.testng.SuiteRunner.runTest(SuiteRunner.java:334)
	at org.testng.SuiteRunner.runSequentially(SuiteRunner.java:329)
	at org.testng.SuiteRunner.privateRun(SuiteRunner.java:291)
	at org.testng.SuiteRunner.run(SuiteRunner.java:240)
	at org.testng.SuiteRunnerWorker.runSuite(SuiteRunnerWorker.java:52)
	at org.testng.SuiteRunnerWorker.run(SuiteRunnerWorker.java:86)
	at org.testng.TestNG.runSuitesSequentially(TestNG.java:1224)
	at org.testng.TestNG.runSuitesLocally(TestNG.java:1149)
	at org.testng.TestNG.run(TestNG.java:1057)
	at org.testng.remote.RemoteTestNG.run(RemoteTestNG.java:111)
	at org.testng.remote.RemoteTestNG.initAndRun(RemoteTestNG.java:204)
	at org.testng.remote.RemoteTestNG.main(RemoteTestNG.java:175)
</pre></div><a href='#' onClick='toggleBox("stack-trace2061720503", this, "Click to show all stack frames", "Click to hide stack frames")'>Click to show all stack frames</a>
<div class='stack-trace' id='stack-trace2061720503'><pre>org.testng.TestNGException: 
Parameter &apos;device&apos; is required by @Test on method openAbout but has not been marked @Optional or defined
in /private/var/folders/rd/d_5ss7j11ng8kk2k4cjyprjm0000gp/T/testng-eclipse-1866437451/testng-customsuite.xml
	at org.testng.internal.Parameters.createParameters(Parameters.java:155)
	at org.testng.internal.Parameters.createParameters(Parameters.java:358)
	at org.testng.internal.Parameters.handleParameters(Parameters.java:450)
	at org.testng.internal.Invoker.handleParameters(Invoker.java:1383)
	at org.testng.internal.Invoker.createParameters(Invoker.java:1075)
	at org.testng.internal.Invoker.invokeTestMethods(Invoker.java:1180)
	at org.testng.internal.TestMethodWorker.invokeTestMethods(TestMethodWorker.java:127)
	at org.testng.internal.TestMethodWorker.run(TestMethodWorker.java:111)
	at org.testng.TestRunner.privateRun(TestRunner.java:767)
	at org.testng.TestRunner.run(TestRunner.java:617)
	at org.testng.SuiteRunner.runTest(SuiteRunner.java:334)
	at org.testng.SuiteRunner.runSequentially(SuiteRunner.java:329)
	at org.testng.SuiteRunner.privateRun(SuiteRunner.java:291)
	at org.testng.SuiteRunner.run(SuiteRunner.java:240)
	at org.testng.SuiteRunnerWorker.runSuite(SuiteRunnerWorker.java:52)
	at org.testng.SuiteRunnerWorker.run(SuiteRunnerWorker.java:86)
	at org.testng.TestNG.runSuitesSequentially(TestNG.java:1224)
	at org.testng.TestNG.runSuitesLocally(TestNG.java:1149)
	at org.testng.TestNG.run(TestNG.java:1057)
	at org.testng.remote.RemoteTestNG.run(RemoteTestNG.java:111)
	at org.testng.remote.RemoteTestNG.initAndRun(RemoteTestNG.java:204)
	at org.testng.remote.RemoteTestNG.main(RemoteTestNG.java:175)
</pre></div></td>
<td>0</td>
<td>com.theranos.test.theranosios.MenuTest@1f3785d3</td></tr>
<tr>
<td title='com.theranos.test.theranosios.MenuTest.openAppointments()'><b>openAppointments</b><br>Test class: com.theranos.test.theranosios.MenuTest</td>
<td></td>
<td>0</td>
<td>com.theranos.test.theranosios.MenuTest@1f3785d3</td></tr>
<tr>
<td title='com.theranos.test.theranosios.BasicInfoTest.openBasicInfo()'><b>openBasicInfo</b><br>Test class: com.theranos.test.theranosios.BasicInfoTest</td>
<td></td>
<td>0</td>
<td>com.theranos.test.theranosios.BasicInfoTest@320cf66b</td></tr>
<tr>
<td title='com.theranos.test.theranosios.MenuTest.openHome()'><b>openHome</b><br>Test class: com.theranos.test.theranosios.MenuTest</td>
<td></td>
<td>0</td>
<td>com.theranos.test.theranosios.MenuTest@1f3785d3</td></tr>
<tr>
<td title='com.theranos.test.theranosios.InsuranceTest.openInsurancePage()'><b>openInsurancePage</b><br>Test class: com.theranos.test.theranosios.InsuranceTest</td>
<td></td>
<td>0</td>
<td>com.theranos.test.theranosios.InsuranceTest@2bb5340c</td></tr>
<tr>
<td title='com.theranos.test.theranosios.MenuTest.openLabOrders()'><b>openLabOrders</b><br>Test class: com.theranos.test.theranosios.MenuTest</td>
<td></td>
<td>0</td>
<td>com.theranos.test.theranosios.MenuTest@1f3785d3</td></tr>
<tr>
<td title='com.theranos.test.theranosios.MenuTest.openLocations()'><b>openLocations</b><br>Test class: com.theranos.test.theranosios.MenuTest</td>
<td></td>
<td>0</td>
<td>com.theranos.test.theranosios.MenuTest@1f3785d3</td></tr>
<tr>
<td title='com.theranos.test.theranosios.MenuTest.openProfile()'><b>openProfile</b><br>Test class: com.theranos.test.theranosios.MenuTest</td>
<td></td>
<td>0</td>
<td>com.theranos.test.theranosios.MenuTest@1f3785d3</td></tr>
<tr>
<td title='com.theranos.test.theranosios.MenuTest.openResults()'><b>openResults</b><br>Test class: com.theranos.test.theranosios.MenuTest</td>
<td></td>
<td>0</td>
<td>com.theranos.test.theranosios.MenuTest@1f3785d3</td></tr>
<tr>
<td title='com.theranos.test.theranosios.MenuTest.openSettings()'><b>openSettings</b><br>Test class: com.theranos.test.theranosios.MenuTest</td>
<td></td>
<td>0</td>
<td>com.theranos.test.theranosios.MenuTest@1f3785d3</td></tr>
<tr>
<td title='com.theranos.test.theranosios.BasicInfoTest.provideBasicInfo()'><b>provideBasicInfo</b><br>Test class: com.theranos.test.theranosios.BasicInfoTest</td>
<td></td>
<td>0</td>
<td>null</td></tr>
<tr>
<td title='com.theranos.test.theranosios.PassCodeTest.providePasscodeTest()'><b>providePasscodeTest</b><br>Test class: com.theranos.test.theranosios.PassCodeTest</td>
<td><div><pre>org.testng.TestNGException: 
Method providePasscodeTest requires 1 parameters but 0 were supplied in the @Test annotation.
	at org.testng.internal.Parameters.checkParameterTypes(Parameters.java:198)
	at org.testng.internal.Parameters.createParameters(Parameters.java:134)
	at org.testng.internal.Parameters.createParameters(Parameters.java:373)
	at org.testng.internal.Parameters.handleParameters(Parameters.java:450)
	at org.testng.internal.Invoker.handleParameters(Invoker.java:1383)
	at org.testng.internal.Invoker.createParameters(Invoker.java:1075)
	at org.testng.internal.Invoker.invokeTestMethods(Invoker.java:1180)
	at org.testng.internal.TestMethodWorker.invokeTestMethods(TestMethodWorker.java:127)
	at org.testng.internal.TestMethodWorker.run(TestMethodWorker.java:111)
	at org.testng.TestRunner.privateRun(TestRunner.java:767)
	at org.testng.TestRunner.run(TestRunner.java:617)
	at org.testng.SuiteRunner.runTest(SuiteRunner.java:334)
	at org.testng.SuiteRunner.runSequentially(SuiteRunner.java:329)
	at org.testng.SuiteRunner.privateRun(SuiteRunner.java:291)
	at org.testng.SuiteRunner.run(SuiteRunner.java:240)
	at org.testng.SuiteRunnerWorker.runSuite(SuiteRunnerWorker.java:52)
	at org.testng.SuiteRunnerWorker.run(SuiteRunnerWorker.java:86)
	at org.testng.TestNG.runSuitesSequentially(TestNG.java:1224)
	at org.testng.TestNG.runSuitesLocally(TestNG.java:1149)
	at org.testng.TestNG.run(TestNG.java:1057)
	at org.testng.remote.RemoteTestNG.run(RemoteTestNG.java:111)
	at org.testng.remote.RemoteTestNG.initAndRun(RemoteTestNG.java:204)
	at org.testng.remote.RemoteTestNG.main(RemoteTestNG.java:175)
</pre></div><a href='#' onClick='toggleBox("stack-trace1687849576", this, "Click to show all stack frames", "Click to hide stack frames")'>Click to show all stack frames</a>
<div class='stack-trace' id='stack-trace1687849576'><pre>org.testng.TestNGException: 
Method providePasscodeTest requires 1 parameters but 0 were supplied in the @Test annotation.
	at org.testng.internal.Parameters.checkParameterTypes(Parameters.java:198)
	at org.testng.internal.Parameters.createParameters(Parameters.java:134)
	at org.testng.internal.Parameters.createParameters(Parameters.java:373)
	at org.testng.internal.Parameters.handleParameters(Parameters.java:450)
	at org.testng.internal.Invoker.handleParameters(Invoker.java:1383)
	at org.testng.internal.Invoker.createParameters(Invoker.java:1075)
	at org.testng.internal.Invoker.invokeTestMethods(Invoker.java:1180)
	at org.testng.internal.TestMethodWorker.invokeTestMethods(TestMethodWorker.java:127)
	at org.testng.internal.TestMethodWorker.run(TestMethodWorker.java:111)
	at org.testng.TestRunner.privateRun(TestRunner.java:767)
	at org.testng.TestRunner.run(TestRunner.java:617)
	at org.testng.SuiteRunner.runTest(SuiteRunner.java:334)
	at org.testng.SuiteRunner.runSequentially(SuiteRunner.java:329)
	at org.testng.SuiteRunner.privateRun(SuiteRunner.java:291)
	at org.testng.SuiteRunner.run(SuiteRunner.java:240)
	at org.testng.SuiteRunnerWorker.runSuite(SuiteRunnerWorker.java:52)
	at org.testng.SuiteRunnerWorker.run(SuiteRunnerWorker.java:86)
	at org.testng.TestNG.runSuitesSequentially(TestNG.java:1224)
	at org.testng.TestNG.runSuitesLocally(TestNG.java:1149)
	at org.testng.TestNG.run(TestNG.java:1057)
	at org.testng.remote.RemoteTestNG.run(RemoteTestNG.java:111)
	at org.testng.remote.RemoteTestNG.initAndRun(RemoteTestNG.java:204)
	at org.testng.remote.RemoteTestNG.main(RemoteTestNG.java:175)
</pre></div></td>
<td>0</td>
<td>com.theranos.test.theranosios.PassCodeTest@2f8a49e0</td></tr>
<tr>
<td title='com.theranos.test.theranosios.PassCodeTest.resetPasscodeTest()'><b>resetPasscodeTest</b><br>Test class: com.theranos.test.theranosios.PassCodeTest</td>
<td></td>
<td>0</td>
<td>com.theranos.test.theranosios.PassCodeTest@2f8a49e0</td></tr>
<tr>
<td title='com.theranos.test.theranosios.LoginTest.testLoginpage()'><b>testLoginpage</b><br>Test class: com.theranos.test.theranosios.LoginTest</td>
<td></td>
<td>0</td>
<td>null</td></tr>
</table><p>
</body>
</html>