<?xml version="1.0" encoding="UTF-8"?>
<!-- Generated by org.testng.reporters.JUnitXMLReporter -->
<testsuite hostname="wm0229pa.theranos.local" name="Basic Info Test" tests="5" failures="1" timestamp="18 Apr 2014 22:05:40 GMT" time="158.007" errors="0">
  <testcase name="openHome" time="4.579" classname="com.theranos.test.theranosios.MenuTest"/>
  <testcase name="openProfile" time="4.522" classname="com.theranos.test.theranosios.MenuTest"/>
  <testcase name="openBasicInfo" time="15.1" classname="com.theranos.test.theranosios.BasicInfoTest"/>
  <testcase name="getTestData" time="0.021" classname="com.theranos.test.theranosios.BasicInfoTest"/>
  <testcase name="provideBasicInfo" time="110.319" classname="com.theranos.test.theranosios.BasicInfoTest">
    <failure type="java.lang.IndexOutOfBoundsException" message="Index: 18, Size: 17">
      <![CDATA[java.lang.IndexOutOfBoundsException: Index: 18, Size: 17
	at java.util.ArrayList.RangeCheck(ArrayList.java:547)
	at java.util.ArrayList.get(ArrayList.java:322)
	at com.theranos.test.theranosios.BasicInfoTest.checkForBillingAddress(BasicInfoTest.java:517)
	at com.theranos.test.theranosios.BasicInfoTest.provideBasicInfo(BasicInfoTest.java:154)
	at org.apache.maven.surefire.testng.TestNGExecutor.run(TestNGExecutor.java:178)
	at org.apache.maven.surefire.testng.TestNGXmlTestSuite.execute(TestNGXmlTestSuite.java:92)
	at org.apache.maven.surefire.testng.TestNGProvider.invoke(TestNGProvider.java:96)
	at org.apache.maven.surefire.util.ReflectionUtils.invokeMethodWithArray2(ReflectionUtils.java:208)
	at org.apache.maven.surefire.booter.ProviderFactory$ProviderProxy.invoke(ProviderFactory.java:159)
	at org.apache.maven.surefire.booter.ProviderFactory.invokeProvider(ProviderFactory.java:87)
	at org.apache.maven.surefire.booter.ForkedBooter.runSuitesInProcess(ForkedBooter.java:153)
	at org.apache.maven.surefire.booter.ForkedBooter.main(ForkedBooter.java:95)
... Removed 25 stack frames]]>
    </failure>
  </testcase> <!-- provideBasicInfo -->
</testsuite> <!-- Basic Info Test -->
